<?xml version="1.0" encoding="UTF-8"?>
<!-- Generated by org.testng.reporters.JUnitXMLReporter -->
<testsuite hostname="TYSS-4F-057" ignored="1" name="Test" tests="2" failures="1" timestamp="06 Dec 2017 08:45:09 GMT" time="21.782" errors="0">
  <testcase name="addRiceAndAttaProduct" time="0.176" classname="Scripts.riceAndAtta"/>
  <testcase name="addProduct" time="0.002" classname="Scripts.beverages">
    <failure type="java.lang.NullPointerException">
      <![CDATA[java.lang.NullPointerException
	at Scripts.beverages.addProduct(beverages.java:17)
... Removed 25 stack frames]]>
    </failure>
  </testcase> <!-- addProduct -->
  <testcase name="@BeforeTest openApp" time="0.0" classname="Generic.genericTest">
    <ignored/>
  </testcase> <!-- @BeforeTest openApp -->
</testsuite> <!-- Test -->
